<?xml version="1.0" encoding="UTF-8"?><testrun name="PropertyLoaderTest" project="tdd-junit" tests="2" started="0" failures="0" errors="1" ignored="0">
  <testsuite name="com.ourownjava.unit.under.test.PropertyLoaderTest" incomplete="true">
    <error>java.io.FileNotFoundException: test.properties (The system cannot find the file specified)&#13;
	at java.io.FileInputStream.open(Native Method)&#13;
	at java.io.FileInputStream.&lt;init&gt;(Unknown Source)&#13;
	at com.ourownjava.unit.under.test.PropertyLoaderTest.initPropertyFile(PropertyLoaderTest.java:20)&#13;
	at sun.reflect.NativeMethodAccessorImpl.invoke0(Native Method)&#13;
	at sun.reflect.NativeMethodAccessorImpl.invoke(Unknown Source)&#13;
	at sun.reflect.DelegatingMethodAccessorImpl.invoke(Unknown Source)&#13;
	at java.lang.reflect.Method.invoke(Unknown Source)&#13;
	at org.junit.runners.model.FrameworkMethod$1.runReflectiveCall(FrameworkMethod.java:47)&#13;
	at org.junit.internal.runners.model.ReflectiveCallable.run(ReflectiveCallable.java:12)&#13;
	at org.junit.runners.model.FrameworkMethod.invokeExplosively(FrameworkMethod.java:44)&#13;
	at org.junit.internal.runners.statements.RunBefores.evaluate(RunBefores.java:24)&#13;
	at org.junit.runners.ParentRunner.run(ParentRunner.java:309)&#13;
	at org.eclipse.jdt.internal.junit4.runner.JUnit4TestReference.run(JUnit4TestReference.java:50)&#13;
	at org.eclipse.jdt.internal.junit.runner.TestExecution.run(TestExecution.java:38)&#13;
	at org.eclipse.jdt.internal.junit.runner.RemoteTestRunner.runTests(RemoteTestRunner.java:467)&#13;
	at org.eclipse.jdt.internal.junit.runner.RemoteTestRunner.runTests(RemoteTestRunner.java:683)&#13;
	at org.eclipse.jdt.internal.junit.runner.RemoteTestRunner.run(RemoteTestRunner.java:390)&#13;
	at org.eclipse.jdt.internal.junit.runner.RemoteTestRunner.main(RemoteTestRunner.java:197)&#13;
&#13;
</error>
    <testcase name="shouldGetValueForKey1" classname="com.ourownjava.unit.under.test.PropertyLoaderTest" incomplete="true"/>
    <testcase name="shouldGetValueForKey2" classname="com.ourownjava.unit.under.test.PropertyLoaderTest" incomplete="true"/>
  </testsuite>
</testrun>
